{
"contracts\\mocks\\MockOracle.sol":{"l":{"17":51,"18":51,"19":51,"20":51,"24":1,"28":1,"32":0,"42":0,"52":7,"57":4},"path":"C:\\Users\\user\\Documents\\projects\\ALU\\softborders\\solidity\\contracts\\mocks\\MockOracle.sol","s":{"1":1,"2":1,"3":0,"4":0,"5":7},"b":{},"f":{"1":51,"2":1,"3":1,"4":0,"5":0,"6":7,"7":4},"fnMap":{"1":{"name":"constructor","line":16,"loc":{"start":{"line":16,"column":4},"end":{"line":21,"column":4}}},"2":{"name":"decimals","line":23,"loc":{"start":{"line":23,"column":4},"end":{"line":25,"column":4}}},"3":{"name":"description","line":27,"loc":{"start":{"line":27,"column":4},"end":{"line":29,"column":4}}},"4":{"name":"version","line":31,"loc":{"start":{"line":31,"column":4},"end":{"line":33,"column":4}}},"5":{"name":"getRoundData","line":35,"loc":{"start":{"line":35,"column":4},"end":{"line":43,"column":4}}},"6":{"name":"latestRoundData","line":45,"loc":{"start":{"line":45,"column":4},"end":{"line":53,"column":4}}},"7":{"name":"updatePrice","line":56,"loc":{"start":{"line":56,"column":4},"end":{"line":58,"column":4}}}},"statementMap":{"1":{"start":{"line":24,"column":8},"end":{"line":24,"column":24}},"2":{"start":{"line":28,"column":8},"end":{"line":28,"column":27}},"3":{"start":{"line":32,"column":8},"end":{"line":32,"column":23}},"4":{"start":{"line":42,"column":8},"end":{"line":42,"column":76}},"5":{"start":{"line":52,"column":8},"end":{"line":52,"column":62}}},"branchMap":{}},
"contracts\\rates\\FixedExchangeRateProvider.sol":{"l":{"20":132,"21":132,"22":132,"29":23,"37":5,"38":4,"39":4,"40":4},"path":"C:\\Users\\user\\Documents\\projects\\ALU\\softborders\\solidity\\contracts\\rates\\FixedExchangeRateProvider.sol","s":{"1":132,"2":132,"3":23,"4":5,"5":4,"6":4},"b":{"1":[5,1],"2":[4,1]},"f":{"1":132,"2":23,"3":5},"fnMap":{"1":{"name":"constructor","line":19,"loc":{"start":{"line":19,"column":4},"end":{"line":23,"column":4}}},"2":{"name":"getExchangeRate","line":28,"loc":{"start":{"line":28,"column":4},"end":{"line":30,"column":4}}},"3":{"name":"updateRate","line":36,"loc":{"start":{"line":36,"column":4},"end":{"line":41,"column":4}}}},"statementMap":{"1":{"start":{"line":21,"column":8},"end":{"line":21,"column":49}},"2":{"start":{"line":22,"column":8},"end":{"line":22,"column":48}},"3":{"start":{"line":29,"column":8},"end":{"line":29,"column":28}},"4":{"start":{"line":37,"column":8},"end":{"line":37,"column":52}},"5":{"start":{"line":38,"column":8},"end":{"line":38,"column":39}},"6":{"start":{"line":40,"column":8},"end":{"line":40,"column":42}}},"branchMap":{"1":{"line":36,"type":"if","locations":[{"start":{"line":36,"column":50},"end":{"line":36,"column":50}},{"start":{"line":36,"column":50},"end":{"line":36,"column":50}}]},"2":{"line":37,"type":"if","locations":[{"start":{"line":37,"column":8},"end":{"line":37,"column":8}},{"start":{"line":37,"column":8},"end":{"line":37,"column":8}}]}}},
"contracts\\rates\\IExchangeRateProvider.sol":{"l":{},"path":"C:\\Users\\user\\Documents\\projects\\ALU\\softborders\\solidity\\contracts\\rates\\IExchangeRateProvider.sol","s":{},"b":{},"f":{},"fnMap":{},"statementMap":{},"branchMap":{}},
"contracts\\rates\\OracleExchangeRateProvider.sol":{"l":{"20":45,"21":45,"22":45,"29":5,"30":5,"31":3,"39":1,"40":1,"41":1},"path":"C:\\Users\\user\\Documents\\projects\\ALU\\softborders\\solidity\\contracts\\rates\\OracleExchangeRateProvider.sol","s":{"1":45,"2":45,"3":5,"4":5,"5":3,"6":1,"7":1},"b":{"1":[3,2],"2":[1,1]},"f":{"1":45,"2":5,"3":1},"fnMap":{"1":{"name":"constructor","line":19,"loc":{"start":{"line":19,"column":4},"end":{"line":23,"column":4}}},"2":{"name":"getExchangeRate","line":28,"loc":{"start":{"line":28,"column":4},"end":{"line":32,"column":4}}},"3":{"name":"updateOracle","line":38,"loc":{"start":{"line":38,"column":4},"end":{"line":42,"column":4}}}},"statementMap":{"1":{"start":{"line":21,"column":8},"end":{"line":21,"column":49}},"2":{"start":{"line":22,"column":8},"end":{"line":22,"column":50}},"3":{"start":{"line":29,"column":8},"end":{"line":29,"column":57}},"4":{"start":{"line":30,"column":8},"end":{"line":30,"column":49}},"5":{"start":{"line":31,"column":8},"end":{"line":31,"column":29}},"6":{"start":{"line":39,"column":8},"end":{"line":39,"column":43}},"7":{"start":{"line":41,"column":8},"end":{"line":41,"column":55}}},"branchMap":{"1":{"line":30,"type":"if","locations":[{"start":{"line":30,"column":8},"end":{"line":30,"column":8}},{"start":{"line":30,"column":8},"end":{"line":30,"column":8}}]},"2":{"line":38,"type":"if","locations":[{"start":{"line":38,"column":61},"end":{"line":38,"column":61}},{"start":{"line":38,"column":61},"end":{"line":38,"column":61}}]}}},
"contracts\\settlement\\CrossBorderSettlement.sol":{"l":{"64":78,"65":78,"66":78,"67":78,"68":78,"69":78,"71":78,"72":78,"73":78,"74":78,"83":14,"86":13,"89":13,"90":13,"93":13,"96":13,"99":12,"102":12,"105":12,"107":12,"123":7,"126":6,"129":6,"130":6,"133":6,"136":6,"139":5,"142":5,"145":5,"147":5,"162":4,"163":3,"164":3,"165":3,"173":2,"174":2,"175":2,"182":5,"189":2},"path":"C:\\Users\\user\\Documents\\projects\\ALU\\softborders\\solidity\\contracts\\settlement\\CrossBorderSettlement.sol","s":{"1":78,"2":78,"3":78,"4":78,"5":14,"6":13,"7":13,"8":13,"9":13,"10":13,"11":12,"12":12,"13":12,"14":12,"15":7,"16":6,"17":6,"18":6,"19":6,"20":6,"21":5,"22":5,"23":5,"24":5,"25":4,"26":3,"27":3,"28":2,"29":2,"30":5,"31":2},"b":{"1":[14,2],"2":[13,1],"3":[12,1],"4":[12,0],"5":[7,1],"6":[6,1],"7":[5,1],"8":[5,0],"9":[4,1],"10":[3,1],"11":[2,1],"12":[5,1],"13":[2,1]},"f":{"1":78,"2":14,"3":7,"4":4,"5":2,"6":5,"7":2},"fnMap":{"1":{"name":"constructor","line":56,"loc":{"start":{"line":56,"column":4},"end":{"line":75,"column":4}}},"2":{"name":"transferRwandaToKenya","line":82,"loc":{"start":{"line":82,"column":4},"end":{"line":115,"column":4}}},"3":{"name":"transferKenyaToRwanda","line":122,"loc":{"start":{"line":122,"column":4},"end":{"line":155,"column":4}}},"4":{"name":"updateFee","line":161,"loc":{"start":{"line":161,"column":4},"end":{"line":166,"column":4}}},"5":{"name":"updateExchangeRateProvider","line":172,"loc":{"start":{"line":172,"column":4},"end":{"line":176,"column":4}}},"6":{"name":"pause","line":181,"loc":{"start":{"line":181,"column":4},"end":{"line":183,"column":4}}},"7":{"name":"unpause","line":188,"loc":{"start":{"line":188,"column":4},"end":{"line":190,"column":4}}}},"statementMap":{"1":{"start":{"line":71,"column":8},"end":{"line":71,"column":49}},"2":{"start":{"line":72,"column":8},"end":{"line":72,"column":41}},"3":{"start":{"line":73,"column":8},"end":{"line":73,"column":47}},"4":{"start":{"line":74,"column":8},"end":{"line":74,"column":57}},"5":{"start":{"line":83,"column":8},"end":{"line":83,"column":66}},"6":{"start":{"line":86,"column":8},"end":{"line":86,"column":69}},"7":{"start":{"line":89,"column":8},"end":{"line":89,"column":58}},"8":{"start":{"line":90,"column":8},"end":{"line":90,"column":53}},"9":{"start":{"line":93,"column":8},"end":{"line":93,"column":71}},"10":{"start":{"line":96,"column":8},"end":{"line":96,"column":101}},"11":{"start":{"line":99,"column":8},"end":{"line":99,"column":81}},"12":{"start":{"line":102,"column":8},"end":{"line":102,"column":41}},"13":{"start":{"line":105,"column":8},"end":{"line":105,"column":43}},"14":{"start":{"line":107,"column":8},"end":{"line":107,"column":3935}},"15":{"start":{"line":123,"column":8},"end":{"line":123,"column":65}},"16":{"start":{"line":126,"column":8},"end":{"line":126,"column":69}},"17":{"start":{"line":129,"column":8},"end":{"line":129,"column":57}},"18":{"start":{"line":130,"column":8},"end":{"line":130,"column":51}},"19":{"start":{"line":133,"column":8},"end":{"line":133,"column":71}},"20":{"start":{"line":136,"column":8},"end":{"line":136,"column":100}},"21":{"start":{"line":139,"column":8},"end":{"line":139,"column":80}},"22":{"start":{"line":142,"column":8},"end":{"line":142,"column":40}},"23":{"start":{"line":145,"column":8},"end":{"line":145,"column":44}},"24":{"start":{"line":147,"column":8},"end":{"line":147,"column":5447}},"25":{"start":{"line":162,"column":8},"end":{"line":162,"column":65}},"26":{"start":{"line":163,"column":8},"end":{"line":163,"column":38}},"27":{"start":{"line":165,"column":8},"end":{"line":165,"column":49}},"28":{"start":{"line":173,"column":8},"end":{"line":173,"column":59}},"29":{"start":{"line":175,"column":8},"end":{"line":175,"column":66}},"30":{"start":{"line":182,"column":8},"end":{"line":182,"column":15}},"31":{"start":{"line":189,"column":8},"end":{"line":189,"column":17}}},"branchMap":{"1":{"line":82,"type":"if","locations":[{"start":{"line":82,"column":83},"end":{"line":82,"column":83}},{"start":{"line":82,"column":83},"end":{"line":82,"column":83}}]},"2":{"line":83,"type":"if","locations":[{"start":{"line":83,"column":8},"end":{"line":83,"column":8}},{"start":{"line":83,"column":8},"end":{"line":83,"column":8}}]},"3":{"line":96,"type":"if","locations":[{"start":{"line":96,"column":8},"end":{"line":96,"column":8}},{"start":{"line":96,"column":8},"end":{"line":96,"column":8}}]},"4":{"line":99,"type":"if","locations":[{"start":{"line":99,"column":8},"end":{"line":99,"column":8}},{"start":{"line":99,"column":8},"end":{"line":99,"column":8}}]},"5":{"line":122,"type":"if","locations":[{"start":{"line":122,"column":82},"end":{"line":122,"column":82}},{"start":{"line":122,"column":82},"end":{"line":122,"column":82}}]},"6":{"line":123,"type":"if","locations":[{"start":{"line":123,"column":8},"end":{"line":123,"column":8}},{"start":{"line":123,"column":8},"end":{"line":123,"column":8}}]},"7":{"line":136,"type":"if","locations":[{"start":{"line":136,"column":8},"end":{"line":136,"column":8}},{"start":{"line":136,"column":8},"end":{"line":136,"column":8}}]},"8":{"line":139,"type":"if","locations":[{"start":{"line":139,"column":8},"end":{"line":139,"column":8}},{"start":{"line":139,"column":8},"end":{"line":139,"column":8}}]},"9":{"line":161,"type":"if","locations":[{"start":{"line":161,"column":58},"end":{"line":161,"column":58}},{"start":{"line":161,"column":58},"end":{"line":161,"column":58}}]},"10":{"line":162,"type":"if","locations":[{"start":{"line":162,"column":8},"end":{"line":162,"column":8}},{"start":{"line":162,"column":8},"end":{"line":162,"column":8}}]},"11":{"line":172,"type":"if","locations":[{"start":{"line":172,"column":70},"end":{"line":172,"column":70}},{"start":{"line":172,"column":70},"end":{"line":172,"column":70}}]},"12":{"line":181,"type":"if","locations":[{"start":{"line":181,"column":30},"end":{"line":181,"column":30}},{"start":{"line":181,"column":30},"end":{"line":181,"column":30}}]},"13":{"line":188,"type":"if","locations":[{"start":{"line":188,"column":32},"end":{"line":188,"column":32}},{"start":{"line":188,"column":32},"end":{"line":188,"column":32}}]}}},
"contracts\\tokens\\CBDCToken.sol":{"l":{"30":228,"31":228,"32":228,"33":228,"35":228,"44":85,"45":85,"54":2,"55":2,"62":6,"69":1,"76":18,"80":21},"path":"C:\\Users\\user\\Documents\\projects\\ALU\\softborders\\solidity\\contracts\\tokens\\CBDCToken.sol","s":{"1":228,"2":228,"3":228,"4":228,"5":85,"6":85,"7":2,"8":2,"9":6,"10":1,"11":18,"12":21},"b":{"1":[86,2],"2":[85,1],"3":[3,1],"4":[2,1],"5":[6,1],"6":[1,1],"7":[18,1],"8":[21,1]},"f":{"1":228,"2":85,"3":2,"4":6,"5":1,"6":18,"7":21},"fnMap":{"1":{"name":"constructor","line":29,"loc":{"start":{"line":25,"column":4},"end":{"line":36,"column":4}}},"2":{"name":"mint","line":43,"loc":{"start":{"line":43,"column":4},"end":{"line":46,"column":4}}},"3":{"name":"burnFrom","line":53,"loc":{"start":{"line":53,"column":4},"end":{"line":56,"column":4}}},"4":{"name":"pause","line":61,"loc":{"start":{"line":61,"column":4},"end":{"line":63,"column":4}}},"5":{"name":"unpause","line":68,"loc":{"start":{"line":68,"column":4},"end":{"line":70,"column":4}}},"6":{"name":"transfer","line":75,"loc":{"start":{"line":75,"column":4},"end":{"line":77,"column":4}}},"7":{"name":"transferFrom","line":79,"loc":{"start":{"line":79,"column":4},"end":{"line":81,"column":4}}}},"statementMap":{"1":{"start":{"line":30,"column":8},"end":{"line":30,"column":51}},"2":{"start":{"line":31,"column":8},"end":{"line":31,"column":44}},"3":{"start":{"line":32,"column":8},"end":{"line":32,"column":44}},"4":{"start":{"line":33,"column":8},"end":{"line":33,"column":44}},"5":{"start":{"line":44,"column":8},"end":{"line":44,"column":24}},"6":{"start":{"line":45,"column":8},"end":{"line":45,"column":31}},"7":{"start":{"line":54,"column":8},"end":{"line":54,"column":26}},"8":{"start":{"line":55,"column":8},"end":{"line":55,"column":33}},"9":{"start":{"line":62,"column":8},"end":{"line":62,"column":15}},"10":{"start":{"line":69,"column":8},"end":{"line":69,"column":17}},"11":{"start":{"line":76,"column":8},"end":{"line":76,"column":41}},"12":{"start":{"line":80,"column":8},"end":{"line":80,"column":51}}},"branchMap":{"1":{"line":43,"type":"if","locations":[{"start":{"line":43,"column":53},"end":{"line":43,"column":53}},{"start":{"line":43,"column":53},"end":{"line":43,"column":53}}]},"2":{"line":43,"type":"if","locations":[{"start":{"line":43,"column":75},"end":{"line":43,"column":75}},{"start":{"line":43,"column":75},"end":{"line":43,"column":75}}]},"3":{"line":53,"type":"if","locations":[{"start":{"line":53,"column":68},"end":{"line":53,"column":68}},{"start":{"line":53,"column":68},"end":{"line":53,"column":68}}]},"4":{"line":53,"type":"if","locations":[{"start":{"line":53,"column":90},"end":{"line":53,"column":90}},{"start":{"line":53,"column":90},"end":{"line":53,"column":90}}]},"5":{"line":61,"type":"if","locations":[{"start":{"line":61,"column":28},"end":{"line":61,"column":28}},{"start":{"line":61,"column":28},"end":{"line":61,"column":28}}]},"6":{"line":68,"type":"if","locations":[{"start":{"line":68,"column":30},"end":{"line":68,"column":30}},{"start":{"line":68,"column":30},"end":{"line":68,"column":30}}]},"7":{"line":75,"type":"if","locations":[{"start":{"line":75,"column":66},"end":{"line":75,"column":66}},{"start":{"line":75,"column":66},"end":{"line":75,"column":66}}]},"8":{"line":79,"type":"if","locations":[{"start":{"line":79,"column":84},"end":{"line":79,"column":84}},{"start":{"line":79,"column":84},"end":{"line":79,"column":84}}]}}},
"contracts\\tokens\\ElectronicKenyanShilling.sol":{"l":{},"path":"C:\\Users\\user\\Documents\\projects\\ALU\\softborders\\solidity\\contracts\\tokens\\ElectronicKenyanShilling.sol","s":{},"b":{},"f":{"1":78},"fnMap":{"1":{"name":"constructor","line":11,"loc":{"start":{"line":11,"column":4},"end":{"line":11,"column":113}}}},"statementMap":{},"branchMap":{}},
"contracts\\tokens\\RwandanFrancCoin.sol":{"l":{},"path":"C:\\Users\\user\\Documents\\projects\\ALU\\softborders\\solidity\\contracts\\tokens\\RwandanFrancCoin.sol","s":{},"b":{},"f":{"1":150},"fnMap":{"1":{"name":"constructor","line":11,"loc":{"start":{"line":11,"column":4},"end":{"line":11,"column":107}}}},"statementMap":{},"branchMap":{}}}
