TN:
SF:C:\Users\user\Documents\projects\ALU\softborders\solidity\contracts\mocks\MockOracle.sol
FN:16,constructor
FN:23,decimals
FN:27,description
FN:31,version
FN:35,getRoundData
FN:45,latestRoundData
FN:56,updatePrice
FNF:7
FNH:5
FNDA:51,constructor
FNDA:1,decimals
FNDA:1,description
FNDA:0,version
FNDA:0,getRoundData
FNDA:7,latestRoundData
FNDA:4,updatePrice
DA:17,51
DA:18,51
DA:19,51
DA:20,51
DA:24,1
DA:28,1
DA:32,0
DA:42,0
DA:52,7
DA:57,4
LF:10
LH:8
BRF:0
BRH:0
end_of_record
TN:
SF:C:\Users\user\Documents\projects\ALU\softborders\solidity\contracts\rates\FixedExchangeRateProvider.sol
FN:19,constructor
FN:28,getExchangeRate
FN:36,updateRate
FNF:3
FNH:3
FNDA:132,constructor
FNDA:23,getExchangeRate
FNDA:5,updateRate
DA:20,132
DA:21,132
DA:22,132
DA:29,23
DA:37,5
DA:38,4
DA:39,4
DA:40,4
LF:8
LH:8
BRDA:36,1,0,5
BRDA:36,1,1,1
BRDA:37,2,0,4
BRDA:37,2,1,1
BRF:4
BRH:4
end_of_record
TN:
SF:C:\Users\user\Documents\projects\ALU\softborders\solidity\contracts\rates\IExchangeRateProvider.sol
FNF:0
FNH:0
LF:0
LH:0
BRF:0
BRH:0
end_of_record
TN:
SF:C:\Users\user\Documents\projects\ALU\softborders\solidity\contracts\rates\OracleExchangeRateProvider.sol
FN:19,constructor
FN:28,getExchangeRate
FN:38,updateOracle
FNF:3
FNH:3
FNDA:45,constructor
FNDA:5,getExchangeRate
FNDA:1,updateOracle
DA:20,45
DA:21,45
DA:22,45
DA:29,5
DA:30,5
DA:31,3
DA:39,1
DA:40,1
DA:41,1
LF:9
LH:9
BRDA:30,1,0,3
BRDA:30,1,1,2
BRDA:38,2,0,1
BRDA:38,2,1,1
BRF:4
BRH:4
end_of_record
TN:
SF:C:\Users\user\Documents\projects\ALU\softborders\solidity\contracts\settlement\CrossBorderSettlement.sol
FN:56,constructor
FN:82,transferRwandaToKenya
FN:122,transferKenyaToRwanda
FN:161,updateFee
FN:172,updateExchangeRateProvider
FN:181,pause
FN:188,unpause
FNF:7
FNH:7
FNDA:78,constructor
FNDA:14,transferRwandaToKenya
FNDA:7,transferKenyaToRwanda
FNDA:4,updateFee
FNDA:2,updateExchangeRateProvider
FNDA:5,pause
FNDA:2,unpause
DA:64,78
DA:65,78
DA:66,78
DA:67,78
DA:68,78
DA:69,78
DA:71,78
DA:72,78
DA:73,78
DA:74,78
DA:83,14
DA:86,13
DA:89,13
DA:90,13
DA:93,13
DA:96,13
DA:99,12
DA:102,12
DA:105,12
DA:107,12
DA:123,7
DA:126,6
DA:129,6
DA:130,6
DA:133,6
DA:136,6
DA:139,5
DA:142,5
DA:145,5
DA:147,5
DA:162,4
DA:163,3
DA:164,3
DA:165,3
DA:173,2
DA:174,2
DA:175,2
DA:182,5
DA:189,2
LF:39
LH:39
BRDA:82,1,0,14
BRDA:82,1,1,2
BRDA:83,2,0,13
BRDA:83,2,1,1
BRDA:96,3,0,12
BRDA:96,3,1,1
BRDA:99,4,0,12
BRDA:99,4,1,0
BRDA:122,5,0,7
BRDA:122,5,1,1
BRDA:123,6,0,6
BRDA:123,6,1,1
BRDA:136,7,0,5
BRDA:136,7,1,1
BRDA:139,8,0,5
BRDA:139,8,1,0
BRDA:161,9,0,4
BRDA:161,9,1,1
BRDA:162,10,0,3
BRDA:162,10,1,1
BRDA:172,11,0,2
BRDA:172,11,1,1
BRDA:181,12,0,5
BRDA:181,12,1,1
BRDA:188,13,0,2
BRDA:188,13,1,1
BRF:26
BRH:24
end_of_record
TN:
SF:C:\Users\user\Documents\projects\ALU\softborders\solidity\contracts\tokens\CBDCToken.sol
FN:29,constructor
FN:43,mint
FN:53,burnFrom
FN:61,pause
FN:68,unpause
FN:75,transfer
FN:79,transferFrom
FNF:7
FNH:7
FNDA:228,constructor
FNDA:85,mint
FNDA:2,burnFrom
FNDA:6,pause
FNDA:1,unpause
FNDA:18,transfer
FNDA:21,transferFrom
DA:30,228
DA:31,228
DA:32,228
DA:33,228
DA:35,228
DA:44,85
DA:45,85
DA:54,2
DA:55,2
DA:62,6
DA:69,1
DA:76,18
DA:80,21
LF:13
LH:13
BRDA:43,1,0,86
BRDA:43,1,1,2
BRDA:43,2,0,85
BRDA:43,2,1,1
BRDA:53,3,0,3
BRDA:53,3,1,1
BRDA:53,4,0,2
BRDA:53,4,1,1
BRDA:61,5,0,6
BRDA:61,5,1,1
BRDA:68,6,0,1
BRDA:68,6,1,1
BRDA:75,7,0,18
BRDA:75,7,1,1
BRDA:79,8,0,21
BRDA:79,8,1,1
BRF:16
BRH:16
end_of_record
TN:
SF:C:\Users\user\Documents\projects\ALU\softborders\solidity\contracts\tokens\ElectronicKenyanShilling.sol
FN:11,constructor
FNF:1
FNH:1
FNDA:78,constructor
LF:0
LH:0
BRF:0
BRH:0
end_of_record
TN:
SF:C:\Users\user\Documents\projects\ALU\softborders\solidity\contracts\tokens\RwandanFrancCoin.sol
FN:11,constructor
FNF:1
FNH:1
FNDA:150,constructor
LF:0
LH:0
BRF:0
BRH:0
end_of_record
